0 info it worked if it ends with ok
1 verbose cli [ '/home/dima/.nvm/versions/node/v5.2.0/bin/node',
1 verbose cli   '/home/dima/.nvm/versions/node/v5.2.0/bin/npm',
1 verbose cli   'start' ]
2 info using npm@3.3.12
3 info using node@v5.2.0
4 verbose run-script [ 'prestart', 'start', 'poststart' ]
5 info lifecycle simpleexpress@1.0.0~prestart: simpleexpress@1.0.0
6 verbose lifecycle simpleexpress@1.0.0~prestart: unsafe-perm in lifecycle true
7 verbose lifecycle simpleexpress@1.0.0~prestart: PATH: /home/dima/.nvm/versions/node/v5.2.0/lib/node_modules/npm/bin/node-gyp-bin:/home/dima/simpleexpress/node_modules/.bin:/home/dima/.rvm/gems/ruby-2.2.1/bin:/home/dima/.rvm/gems/ruby-2.2.1@global/bin:/home/dima/.rvm/rubies/ruby-2.2.1/bin:/home/dima/.nvm/versions/node/v5.2.0/bin:/usr/local/sbin:/usr/local/bin:/usr/sbin:/usr/bin:/sbin:/bin:/usr/games:/usr/local/games:/home/dima/.rvm/bin:/home/dima/.rvm/bin
8 verbose lifecycle simpleexpress@1.0.0~prestart: CWD: /home/dima/simpleexpress
9 silly lifecycle simpleexpress@1.0.0~prestart: Args: [ '-c', 'gulp' ]
10 silly lifecycle simpleexpress@1.0.0~prestart: Returned: code: 0  signal: null
11 info lifecycle simpleexpress@1.0.0~start: simpleexpress@1.0.0
12 verbose lifecycle simpleexpress@1.0.0~start: unsafe-perm in lifecycle true
13 verbose lifecycle simpleexpress@1.0.0~start: PATH: /home/dima/.nvm/versions/node/v5.2.0/lib/node_modules/npm/bin/node-gyp-bin:/home/dima/simpleexpress/node_modules/.bin:/home/dima/.rvm/gems/ruby-2.2.1/bin:/home/dima/.rvm/gems/ruby-2.2.1@global/bin:/home/dima/.rvm/rubies/ruby-2.2.1/bin:/home/dima/.nvm/versions/node/v5.2.0/bin:/usr/local/sbin:/usr/local/bin:/usr/sbin:/usr/bin:/sbin:/bin:/usr/games:/usr/local/games:/home/dima/.rvm/bin:/home/dima/.rvm/bin
14 verbose lifecycle simpleexpress@1.0.0~start: CWD: /home/dima/simpleexpress
15 silly lifecycle simpleexpress@1.0.0~start: Args: [ '-c', 'node index.js' ]
16 silly lifecycle simpleexpress@1.0.0~start: Returned: code: 1  signal: null
17 info lifecycle simpleexpress@1.0.0~start: Failed to exec start script
18 verbose stack Error: simpleexpress@1.0.0 start: `node index.js`
18 verbose stack Exit status 1
18 verbose stack     at EventEmitter.<anonymous> (/home/dima/.nvm/versions/node/v5.2.0/lib/node_modules/npm/lib/utils/lifecycle.js:232:16)
18 verbose stack     at emitTwo (events.js:88:13)
18 verbose stack     at EventEmitter.emit (events.js:173:7)
18 verbose stack     at ChildProcess.<anonymous> (/home/dima/.nvm/versions/node/v5.2.0/lib/node_modules/npm/lib/utils/spawn.js:24:14)
18 verbose stack     at emitTwo (events.js:88:13)
18 verbose stack     at ChildProcess.emit (events.js:173:7)
18 verbose stack     at maybeClose (internal/child_process.js:819:16)
18 verbose stack     at Process.ChildProcess._handle.onexit (internal/child_process.js:212:5)
19 verbose pkgid simpleexpress@1.0.0
20 verbose cwd /home/dima/simpleexpress
21 error Linux 3.19.0-25-generic
22 error argv "/home/dima/.nvm/versions/node/v5.2.0/bin/node" "/home/dima/.nvm/versions/node/v5.2.0/bin/npm" "start"
23 error node v5.2.0
24 error npm  v3.3.12
25 error code ELIFECYCLE
26 error simpleexpress@1.0.0 start: `node index.js`
26 error Exit status 1
27 error Failed at the simpleexpress@1.0.0 start script 'node index.js'.
27 error Make sure you have the latest version of node.js and npm installed.
27 error If you do, this is most likely a problem with the simpleexpress package,
27 error not with npm itself.
27 error Tell the author that this fails on your system:
27 error     node index.js
27 error You can get their info via:
27 error     npm owner ls simpleexpress
27 error There is likely additional logging output above.
28 verbose exit [ 1, true ]
